<?xml version="1.0" encoding="UTF-8"?>
<testsuite xmlns:xsi="http://www.w3.org/2001/XMLSchema-instance" xsi:noNamespaceSchemaLocation="https://maven.apache.org/surefire/maven-surefire-plugin/xsd/surefire-test-report-3.0.xsd" version="3.0" name="com.example.bankcards.service.card.CardCheckerTest" time="0.314" tests="7" errors="0" skipped="0" failures="0">
  <properties>
[...]
</properties>
  <testcase name="ensureActiveCardStatus_shouldDoNothing_whenStatusIsActive" classname="com.example.bankcards.service.card.CardCheckerTest" time="0.281"/>
  <testcase name="getOwnedCard_shouldThrowAccessDeniedException_whenOwnerDoesNotMatch" classname="com.example.bankcards.service.card.CardCheckerTest" time="0.01"/>
  <testcase name="getOwnedCard_shouldThrowEntityNotFoundException_whenCardNotFound" classname="com.example.bankcards.service.card.CardCheckerTest" time="0.003"/>
  <testcase name="ensureSufficientCardBalance_shouldDoNothing_whenEnoughBalance" classname="com.example.bankcards.service.card.CardCheckerTest" time="0.002"/>
  <testcase name="getOwnedCard_shouldReturnCard_whenOwnerMatches" classname="com.example.bankcards.service.card.CardCheckerTest" time="0.005"/>
  <testcase name="ensureSufficientCardBalance_shouldThrowException_whenInsufficient" classname="com.example.bankcards.service.card.CardCheckerTest" time="0.002"/>
  <testcase name="ensureActiveCardStatus_shouldThrowException_whenNotActive" classname="com.example.bankcards.service.card.CardCheckerTest" time="0.002"/>
</testsuite>